Using pre-set license
Built from '2020.3/staging' branch; Version is '2020.3.6f1 (338bb68529b2) revision 3378102'; Using compiler version '192528614'; Build Type 'Release'
OS: 'Windows 10 Home; OS build 19043.1023; Version 2009; 64bit' Language: 'en' Physical Memory: 16258 MB
BatchMode: 1, IsHumanControllingUs: 0, StartBugReporterOnCrash: 0, Is64bit: 1, IsPro: 0

 COMMAND LINE ARGUMENTS:
C:\Program Files\Unity\Hub\Editor\2020.3.6f1\Editor\Unity.exe
-adb2
-batchMode
-noUpm
-name
AssetImportWorker0
-projectPath
D:/Dokumenter/Git/Elzar Escape
-logFile
Logs/AssetImportWorker0.log
-srvPort
3209
Successfully changed project path to: D:/Dokumenter/Git/Elzar Escape
D:/Dokumenter/Git/Elzar Escape
Using Asset Import Pipeline V2.
Refreshing native plugins compatible for Editor in 40.41 ms, found 0 plugins.
Preloading 0 native plugins for Editor in 0.00 ms.
Initialize engine version: 2020.3.6f1 (338bb68529b2)
[Subsystems] Discovering subsystems at path C:/Program Files/Unity/Hub/Editor/2020.3.6f1/Editor/Data/Resources/UnitySubsystems
[Subsystems] Discovering subsystems at path D:/Dokumenter/Git/Elzar Escape/Assets
GfxDevice: creating device client; threaded=0
Direct3D:
    Version:  Direct3D 11.0 [level 11.1]
    Renderer: NVIDIA GeForce GTX 1060 6GB (ID=0x1c03)
    Vendor:   
    VRAM:     6052 MB
    Driver:   27.21.14.6647
Initialize mono
Mono path[0] = 'C:/Program Files/Unity/Hub/Editor/2020.3.6f1/Editor/Data/Managed'
Mono path[1] = 'C:/Program Files/Unity/Hub/Editor/2020.3.6f1/Editor/Data/MonoBleedingEdge/lib/mono/unityjit'
Mono config path = 'C:/Program Files/Unity/Hub/Editor/2020.3.6f1/Editor/Data/MonoBleedingEdge/etc'
Using monoOptions --debugger-agent=transport=dt_socket,embedding=1,server=y,suspend=n,address=127.0.0.1:56616
Begin MonoManager ReloadAssembly
Registering precompiled unity dll's ...
Register platform support module: C:/Program Files/Unity/Hub/Editor/2020.3.6f1/Editor/Data/PlaybackEngines/WindowsStandaloneSupport/UnityEditor.WindowsStandalone.Extensions.dll
Registered in 0.005197 seconds.
Native extension for WindowsStandalone target not found
Refreshing native plugins compatible for Editor in 32.11 ms, found 0 plugins.
Preloading 0 native plugins for Editor in 0.00 ms.
Mono: successfully reloaded assembly
- Completed reload, in  1.833 seconds
Platform modules already initialized, skipping
Registering precompiled user dll's ...
Registered in 0.001530 seconds.
Begin MonoManager ReloadAssembly
Native extension for WindowsStandalone target not found
Refreshing native plugins compatible for Editor in 33.18 ms, found 0 plugins.
Preloading 0 native plugins for Editor in 0.00 ms.
Mono: successfully reloaded assembly
- Completed reload, in  1.420 seconds
Platform modules already initialized, skipping
========================================================================
Worker process is ready to serve import requests
Launched and connected shader compiler UnityShaderCompiler.exe after 0.10 seconds
Refreshing native plugins compatible for Editor in 0.34 ms, found 0 plugins.
Preloading 0 native plugins for Editor in 0.00 ms.
Unloading 1309 Unused Serialized files (Serialized files now loaded: 0)
System memory in use before: 83.7 MB.
System memory in use after: 83.5 MB.

Unloading 23 unused Assets to reduce memory usage. Loaded Objects now: 1780.
Total: 2.621300 ms (FindLiveObjects: 0.219500 ms CreateObjectMapping: 0.094500 ms MarkObjects: 2.039600 ms  DeleteObjects: 0.266700 ms)

========================================================================
Received Import Request.
  path: Assets/Imported/StarSparrow/Prefabs/StarSparrow1.prefab
  artifactKey: Guid(f805c7b2f982faf43833878e4f22ae2a) Importer(815301076,1909f56bfc062723c751e8b465ee728b)
Start importing Assets/Imported/StarSparrow/Prefabs/StarSparrow1.prefab using Guid(f805c7b2f982faf43833878e4f22ae2a) Importer(815301076,1909f56bfc062723c751e8b465ee728b)  -> (artifact id: '806f7b819b063b9f38fbc2fd4dc8af58') in 0.193208 seconds
  Import took 0.196822 seconds .

========================================================================
Received Import Request.
  Time since last request: 0.001173 seconds.
  path: Assets/Imported/StarSparrow/Prefabs/StarSparrow4.prefab
  artifactKey: Guid(206dc24d514cdd146a07be8e731a56e9) Importer(815301076,1909f56bfc062723c751e8b465ee728b)
Start importing Assets/Imported/StarSparrow/Prefabs/StarSparrow4.prefab using Guid(206dc24d514cdd146a07be8e731a56e9) Importer(815301076,1909f56bfc062723c751e8b465ee728b)  -> (artifact id: 'd28d996ec410de9d2c37a38b68692c00') in 0.057738 seconds
  Import took 0.072587 seconds .

========================================================================
Received Import Request.
  Time since last request: 0.001285 seconds.
  path: Assets/Imported/StarSparrow/Prefabs/StarSparrow3.prefab
  artifactKey: Guid(e261f7b66a8f0fd4492d87df1eee4222) Importer(815301076,1909f56bfc062723c751e8b465ee728b)
Start importing Assets/Imported/StarSparrow/Prefabs/StarSparrow3.prefab using Guid(e261f7b66a8f0fd4492d87df1eee4222) Importer(815301076,1909f56bfc062723c751e8b465ee728b)  -> (artifact id: 'bcacb2c0ffa3bafce8c3c94621c4b26e') in 0.036273 seconds
  Import took 0.040506 seconds .

========================================================================
Received Import Request.
  Time since last request: 0.000469 seconds.
  path: Assets/Imported/StarSparrow/Prefabs/StarSparrow5.prefab
  artifactKey: Guid(4d54efa43b03b1845b929768cf25e790) Importer(815301076,1909f56bfc062723c751e8b465ee728b)
Start importing Assets/Imported/StarSparrow/Prefabs/StarSparrow5.prefab using Guid(4d54efa43b03b1845b929768cf25e790) Importer(815301076,1909f56bfc062723c751e8b465ee728b)  -> (artifact id: 'fea8643549b452a825df2d7d278a97f3') in 0.033943 seconds
  Import took 0.037133 seconds .

========================================================================
Received Import Request.
  Time since last request: 0.019980 seconds.
  path: Assets/Imported/StarSparrow/Prefabs/StarSparrow6.prefab
  artifactKey: Guid(33942a27e06a55e498652847d7d15f99) Importer(815301076,1909f56bfc062723c751e8b465ee728b)
Start importing Assets/Imported/StarSparrow/Prefabs/StarSparrow6.prefab using Guid(33942a27e06a55e498652847d7d15f99) Importer(815301076,1909f56bfc062723c751e8b465ee728b)  -> (artifact id: 'dfc6f9b0a48ce7c5fa107340420f859e') in 0.029475 seconds
  Import took 0.034098 seconds .

========================================================================
Received Import Request.
  Time since last request: 0.022078 seconds.
  path: Assets/Imported/StarSparrow/Prefabs/StarSparrow6.prefab
  artifactKey: Guid(33942a27e06a55e498652847d7d15f99) Importer(815301076,1909f56bfc062723c751e8b465ee728b)
Start importing Assets/Imported/StarSparrow/Prefabs/StarSparrow6.prefab using Guid(33942a27e06a55e498652847d7d15f99) Importer(815301076,1909f56bfc062723c751e8b465ee728b)  -> (artifact id: 'dfc6f9b0a48ce7c5fa107340420f859e') in 0.032468 seconds
  Import took 0.036143 seconds .

========================================================================
Received Import Request.
  Time since last request: 8.953273 seconds.
  path: Assets/Imported/StarSparrow/Prefabs/StarSparrow7.prefab
  artifactKey: Guid(c79905ec17c169a49b75177b6cf0d524) Importer(815301076,1909f56bfc062723c751e8b465ee728b)
Start importing Assets/Imported/StarSparrow/Prefabs/StarSparrow7.prefab using Guid(c79905ec17c169a49b75177b6cf0d524) Importer(815301076,1909f56bfc062723c751e8b465ee728b)  -> (artifact id: '824d54600d011c9b9410f98dbe4a4ab8') in 0.033734 seconds
  Import took 0.037773 seconds .

========================================================================
Received Import Request.
  Time since last request: 0.003030 seconds.
  path: Assets/Imported/StarSparrow/Prefabs/StarSparrow7.prefab
  artifactKey: Guid(c79905ec17c169a49b75177b6cf0d524) Importer(815301076,1909f56bfc062723c751e8b465ee728b)
Start importing Assets/Imported/StarSparrow/Prefabs/StarSparrow7.prefab using Guid(c79905ec17c169a49b75177b6cf0d524) Importer(815301076,1909f56bfc062723c751e8b465ee728b)  -> (artifact id: '824d54600d011c9b9410f98dbe4a4ab8') in 0.030337 seconds
  Import took 0.034078 seconds .

========================================================================
Received Import Request.
  Time since last request: 7.188277 seconds.
  path: Assets/Imported/StarSparrow/Prefabs/StarSparrow8.prefab
  artifactKey: Guid(12e2965e034095b40b035c26bdecd5ed) Importer(815301076,1909f56bfc062723c751e8b465ee728b)
Start importing Assets/Imported/StarSparrow/Prefabs/StarSparrow8.prefab using Guid(12e2965e034095b40b035c26bdecd5ed) Importer(815301076,1909f56bfc062723c751e8b465ee728b)  -> (artifact id: '85b4d4d6c70f6ba8d1627d2c001f0fc6') in 0.030955 seconds
  Import took 0.034601 seconds .

========================================================================
Received Import Request.
  Time since last request: 0.001605 seconds.
  path: Assets/Imported/StarSparrow/Prefabs/StarSparrow8.prefab
  artifactKey: Guid(12e2965e034095b40b035c26bdecd5ed) Importer(815301076,1909f56bfc062723c751e8b465ee728b)
Start importing Assets/Imported/StarSparrow/Prefabs/StarSparrow8.prefab using Guid(12e2965e034095b40b035c26bdecd5ed) Importer(815301076,1909f56bfc062723c751e8b465ee728b)  -> (artifact id: '85b4d4d6c70f6ba8d1627d2c001f0fc6') in 0.029859 seconds
  Import took 0.033540 seconds .

========================================================================
Received Import Request.
  Time since last request: 5.344664 seconds.
  path: Assets/Imported/StarSparrow/Prefabs/StarSparrow9.prefab
  artifactKey: Guid(7861019a7b8cb6f4db5310695263b29a) Importer(815301076,1909f56bfc062723c751e8b465ee728b)
Start importing Assets/Imported/StarSparrow/Prefabs/StarSparrow9.prefab using Guid(7861019a7b8cb6f4db5310695263b29a) Importer(815301076,1909f56bfc062723c751e8b465ee728b)  -> (artifact id: '036efbacd40f058eb7ebe0ad940d91f0') in 0.032711 seconds
  Import took 0.054806 seconds .

========================================================================
Received Import Request.
  Time since last request: 4.532786 seconds.
  path: Assets/Imported/StarSparrow/Prefabs/StarSparrow10.prefab
  artifactKey: Guid(fb80d574ec67a7c4e8ef1a14a65990f6) Importer(815301076,1909f56bfc062723c751e8b465ee728b)
Start importing Assets/Imported/StarSparrow/Prefabs/StarSparrow10.prefab using Guid(fb80d574ec67a7c4e8ef1a14a65990f6) Importer(815301076,1909f56bfc062723c751e8b465ee728b)  -> (artifact id: '56d0f9e6940d545e35e5d826e170d96c') in 0.030600 seconds
  Import took 0.034391 seconds .

========================================================================
Received Import Request.
  Time since last request: 0.006394 seconds.
  path: Assets/Imported/StarSparrow/Prefabs/StarSparrow10.prefab
  artifactKey: Guid(fb80d574ec67a7c4e8ef1a14a65990f6) Importer(815301076,1909f56bfc062723c751e8b465ee728b)
Start importing Assets/Imported/StarSparrow/Prefabs/StarSparrow10.prefab using Guid(fb80d574ec67a7c4e8ef1a14a65990f6) Importer(815301076,1909f56bfc062723c751e8b465ee728b)  -> (artifact id: '56d0f9e6940d545e35e5d826e170d96c') in 0.031808 seconds
  Import took 0.035693 seconds .

========================================================================
Received Import Request.
  Time since last request: 4.373941 seconds.
  path: Assets/Imported/StarSparrow/Prefabs/StarSparrow11.prefab
  artifactKey: Guid(5a073d16030e9bb4ab4bab71c3124066) Importer(815301076,1909f56bfc062723c751e8b465ee728b)
Start importing Assets/Imported/StarSparrow/Prefabs/StarSparrow11.prefab using Guid(5a073d16030e9bb4ab4bab71c3124066) Importer(815301076,1909f56bfc062723c751e8b465ee728b)  -> (artifact id: '46a61d4ff0038a71b54a841044d68bf8') in 0.031087 seconds
  Import took 0.035360 seconds .

========================================================================
Received Import Request.
  Time since last request: 0.004263 seconds.
  path: Assets/Imported/StarSparrow/Prefabs/StarSparrow11.prefab
  artifactKey: Guid(5a073d16030e9bb4ab4bab71c3124066) Importer(815301076,1909f56bfc062723c751e8b465ee728b)
Start importing Assets/Imported/StarSparrow/Prefabs/StarSparrow11.prefab using Guid(5a073d16030e9bb4ab4bab71c3124066) Importer(815301076,1909f56bfc062723c751e8b465ee728b)  -> (artifact id: '46a61d4ff0038a71b54a841044d68bf8') in 0.029925 seconds
  Import took 0.033889 seconds .

========================================================================
Received Import Request.
  Time since last request: 21.992952 seconds.
  path: Assets/Imported/StarSparrow/Prefabs/StarSparrow12.prefab
  artifactKey: Guid(79e4c0d1647edb24e82e40e6b4bcaa7b) Importer(815301076,1909f56bfc062723c751e8b465ee728b)
Start importing Assets/Imported/StarSparrow/Prefabs/StarSparrow12.prefab using Guid(79e4c0d1647edb24e82e40e6b4bcaa7b) Importer(815301076,1909f56bfc062723c751e8b465ee728b)  -> (artifact id: 'ac6dc68fec7861f3cc8708db3d940159') in 0.031951 seconds
  Import took 0.035935 seconds .

========================================================================
Received Import Request.
  Time since last request: 0.006809 seconds.
  path: Assets/Imported/StarSparrow/Prefabs/StarSparrow12.prefab
  artifactKey: Guid(79e4c0d1647edb24e82e40e6b4bcaa7b) Importer(815301076,1909f56bfc062723c751e8b465ee728b)
Start importing Assets/Imported/StarSparrow/Prefabs/StarSparrow12.prefab using Guid(79e4c0d1647edb24e82e40e6b4bcaa7b) Importer(815301076,1909f56bfc062723c751e8b465ee728b)  -> (artifact id: 'ac6dc68fec7861f3cc8708db3d940159') in 0.030134 seconds
  Import took 0.033991 seconds .

========================================================================
Received Import Request.
  Time since last request: 5.550291 seconds.
  path: Assets/Imported/StarSparrow/Prefabs/StarSparrow13.prefab
  artifactKey: Guid(6647bc14b7f253f4aa7ed042ccbd8304) Importer(815301076,1909f56bfc062723c751e8b465ee728b)
Start importing Assets/Imported/StarSparrow/Prefabs/StarSparrow13.prefab using Guid(6647bc14b7f253f4aa7ed042ccbd8304) Importer(815301076,1909f56bfc062723c751e8b465ee728b)  -> (artifact id: '84f03bec0e1ccd5c709dae93ae0186fa') in 0.033813 seconds
  Import took 0.037301 seconds .

========================================================================
Received Import Request.
  Time since last request: 23.984800 seconds.
  path: Assets/Imported/StarSparrow/Materials
  artifactKey: Guid(8b36d4134b6d06d46952c57a6396d61e) Importer(815301076,1909f56bfc062723c751e8b465ee728b)
Start importing Assets/Imported/StarSparrow/Materials using Guid(8b36d4134b6d06d46952c57a6396d61e) Importer(815301076,1909f56bfc062723c751e8b465ee728b)  -> (artifact id: 'e0c764e6b661cfded965af12d3c4d341') in 0.005279 seconds
  Import took 0.008241 seconds .

========================================================================
Received Import Request.
  Time since last request: 6.257323 seconds.
  path: Assets/Imported/StarSparrow/Meshes/StarSparrowExamples1.FBX
  artifactKey: Guid(e0f90ad78680d6145b082ac69f7fc504) Importer(815301076,1909f56bfc062723c751e8b465ee728b)
Start importing Assets/Imported/StarSparrow/Meshes/StarSparrowExamples1.FBX using Guid(e0f90ad78680d6145b082ac69f7fc504) Importer(815301076,1909f56bfc062723c751e8b465ee728b)  -> (artifact id: 'b61ad71249f54c126b3c120deda57619') in 0.195145 seconds
  Import took 0.198992 seconds .

========================================================================
Received Import Request.
  Time since last request: 30.225336 seconds.
  path: Assets/Imported/StarSparrow/Readme/Readme Files
  artifactKey: Guid(bad6a225471ced14393250e12551a4bc) Importer(815301076,1909f56bfc062723c751e8b465ee728b)
Start importing Assets/Imported/StarSparrow/Readme/Readme Files using Guid(bad6a225471ced14393250e12551a4bc) Importer(815301076,1909f56bfc062723c751e8b465ee728b)  -> (artifact id: '0cc30f56d337682c65600a72557145ce') in 0.006613 seconds
  Import took 0.009555 seconds .

========================================================================
Received Import Request.
  Time since last request: 22.558318 seconds.
  path: Assets/Imported/Plugins/HxVolumetricLighting/Scripts/HxVolumetricLight.cs
  artifactKey: Guid(da396d4547fa3ff45a6bc1e4f6ca6964) Importer(815301076,1909f56bfc062723c751e8b465ee728b)
Start importing Assets/Imported/Plugins/HxVolumetricLighting/Scripts/HxVolumetricLight.cs using Guid(da396d4547fa3ff45a6bc1e4f6ca6964) Importer(815301076,1909f56bfc062723c751e8b465ee728b)  -> (artifact id: '8e7a0dc5b4ab70a20d4bf995b7ec86e6') in 0.016111 seconds
  Import took 0.019503 seconds .

========================================================================
Received Import Request.
  Time since last request: 0.000785 seconds.
  path: Assets/Imported/Plugins/HxVolumetricLighting/Scripts/HxVolumetricLight.cs
  artifactKey: Guid(da396d4547fa3ff45a6bc1e4f6ca6964) Importer(815301076,1909f56bfc062723c751e8b465ee728b)
Start importing Assets/Imported/Plugins/HxVolumetricLighting/Scripts/HxVolumetricLight.cs using Guid(da396d4547fa3ff45a6bc1e4f6ca6964) Importer(815301076,1909f56bfc062723c751e8b465ee728b)  -> (artifact id: '8e7a0dc5b4ab70a20d4bf995b7ec86e6') in 0.004635 seconds
  Import took 0.008479 seconds .

========================================================================
Received Import Request.
  Time since last request: 6.826568 seconds.
  path: Assets/Imported/Plugins
  artifactKey: Guid(d4776cc0a6591f94cb232e10e7c966b1) Importer(815301076,1909f56bfc062723c751e8b465ee728b)
Start importing Assets/Imported/Plugins using Guid(d4776cc0a6591f94cb232e10e7c966b1) Importer(815301076,1909f56bfc062723c751e8b465ee728b)  -> (artifact id: '9b2f2a80b68485e1ec902e61321064f0') in 0.019865 seconds
  Import took 0.022894 seconds .

========================================================================
Received Prepare
Registering precompiled user dll's ...
Registered in 0.001301 seconds.
Begin MonoManager ReloadAssembly
Native extension for WindowsStandalone target not found
Refreshing native plugins compatible for Editor in 0.36 ms, found 0 plugins.
Preloading 0 native plugins for Editor in 0.00 ms.
Mono: successfully reloaded assembly
- Completed reload, in  1.540 seconds
Platform modules already initialized, skipping
Refreshing native plugins compatible for Editor in 0.33 ms, found 0 plugins.
Preloading 0 native plugins for Editor in 0.00 ms.
Unloading 1266 Unused Serialized files (Serialized files now loaded: 0)
System memory in use before: 83.4 MB.
System memory in use after: 83.3 MB.

Unloading 10 unused Assets to reduce memory usage. Loaded Objects now: 1792.
Total: 2.969300 ms (FindLiveObjects: 0.241200 ms CreateObjectMapping: 0.106400 ms MarkObjects: 2.379000 ms  DeleteObjects: 0.241500 ms)

========================================================================
Received Prepare
Registering precompiled user dll's ...
Registered in 0.001291 seconds.
Begin MonoManager ReloadAssembly
Native extension for WindowsStandalone target not found
Refreshing native plugins compatible for Editor in 0.38 ms, found 0 plugins.
Preloading 0 native plugins for Editor in 0.00 ms.
Mono: successfully reloaded assembly
- Completed reload, in  1.423 seconds
Platform modules already initialized, skipping
Refreshing native plugins compatible for Editor in 0.46 ms, found 0 plugins.
Preloading 0 native plugins for Editor in 0.00 ms.
Unloading 1266 Unused Serialized files (Serialized files now loaded: 0)
System memory in use before: 83.4 MB.
System memory in use after: 83.2 MB.

Unloading 8 unused Assets to reduce memory usage. Loaded Objects now: 1795.
Total: 2.407700 ms (FindLiveObjects: 0.201000 ms CreateObjectMapping: 0.086800 ms MarkObjects: 1.889300 ms  DeleteObjects: 0.228300 ms)

========================================================================
Received Prepare
Registering precompiled user dll's ...
Registered in 0.002300 seconds.
Begin MonoManager ReloadAssembly
Native extension for WindowsStandalone target not found
Refreshing native plugins compatible for Editor in 0.37 ms, found 0 plugins.
Preloading 0 native plugins for Editor in 0.00 ms.
Mono: successfully reloaded assembly
- Completed reload, in  1.399 seconds
Platform modules already initialized, skipping
Refreshing native plugins compatible for Editor in 0.35 ms, found 0 plugins.
Preloading 0 native plugins for Editor in 0.00 ms.
Unloading 1266 Unused Serialized files (Serialized files now loaded: 0)
System memory in use before: 83.4 MB.
System memory in use after: 83.3 MB.

Unloading 8 unused Assets to reduce memory usage. Loaded Objects now: 1798.
Total: 2.546000 ms (FindLiveObjects: 0.215300 ms CreateObjectMapping: 0.106100 ms MarkObjects: 1.988000 ms  DeleteObjects: 0.235100 ms)

========================================================================
Received Import Request.
  Time since last request: 325.361108 seconds.
  path: Assets/Project/Prefabs
  artifactKey: Guid(afa8c86e18e43834fb0673397362242b) Importer(815301076,1909f56bfc062723c751e8b465ee728b)
Start importing Assets/Project/Prefabs using Guid(afa8c86e18e43834fb0673397362242b) Importer(815301076,1909f56bfc062723c751e8b465ee728b)  -> (artifact id: '28e123e24c495ed869d8f83cb2b9faa0') in 0.009049 seconds
  Import took 0.023847 seconds .

========================================================================
Received Import Request.
  Time since last request: 2.802692 seconds.
  path: Assets/Project/Prefabs/Player Rig.prefab
  artifactKey: Guid(8ee223011f0abb845b0599843c075138) Importer(815301076,1909f56bfc062723c751e8b465ee728b)
Start importing Assets/Project/Prefabs/Player Rig.prefab using Guid(8ee223011f0abb845b0599843c075138) Importer(815301076,1909f56bfc062723c751e8b465ee728b)  -> (artifact id: '9a5838b01bd075d14dd7ad724d7f7964') in 0.099738 seconds
  Import took 0.104121 seconds .

========================================================================
Received Import Request.
  Time since last request: 324.405112 seconds.
  path: Assets/Project/Scripts/PlayerController.cs
  artifactKey: Guid(2c6c57b120111ec49a2782ffa781ce91) Importer(815301076,1909f56bfc062723c751e8b465ee728b)
Start importing Assets/Project/Scripts/PlayerController.cs using Guid(2c6c57b120111ec49a2782ffa781ce91) Importer(815301076,1909f56bfc062723c751e8b465ee728b)  -> (artifact id: '0e0ec1674cca93c133e8b25d87be02ed') in 0.005173 seconds
  Import took 0.020004 seconds .

========================================================================
Received Import Request.
  Time since last request: 0.008025 seconds.
  path: Assets/Project/Scripts/PlayerController.cs
  artifactKey: Guid(2c6c57b120111ec49a2782ffa781ce91) Importer(815301076,1909f56bfc062723c751e8b465ee728b)
Start importing Assets/Project/Scripts/PlayerController.cs using Guid(2c6c57b120111ec49a2782ffa781ce91) Importer(815301076,1909f56bfc062723c751e8b465ee728b)  -> (artifact id: '0e0ec1674cca93c133e8b25d87be02ed') in 0.004393 seconds
  Import took 0.007163 seconds .

========================================================================
Received Prepare
Registering precompiled user dll's ...
Registered in 0.007241 seconds.
Begin MonoManager ReloadAssembly
Native extension for WindowsStandalone target not found
Refreshing native plugins compatible for Editor in 1.05 ms, found 0 plugins.
Preloading 0 native plugins for Editor in 0.00 ms.
Mono: successfully reloaded assembly
- Completed reload, in  2.199 seconds
Platform modules already initialized, skipping
Refreshing native plugins compatible for Editor in 0.40 ms, found 0 plugins.
Preloading 0 native plugins for Editor in 0.00 ms.
Unloading 1267 Unused Serialized files (Serialized files now loaded: 0)
System memory in use before: 83.4 MB.
System memory in use after: 83.3 MB.

Unloading 8 unused Assets to reduce memory usage. Loaded Objects now: 1803.
Total: 4.385900 ms (FindLiveObjects: 0.412400 ms CreateObjectMapping: 0.191200 ms MarkObjects: 3.471100 ms  DeleteObjects: 0.308300 ms)

========================================================================
Received Prepare
Registering precompiled user dll's ...
Registered in 0.001765 seconds.
Begin MonoManager ReloadAssembly
Native extension for WindowsStandalone target not found
Refreshing native plugins compatible for Editor in 0.33 ms, found 0 plugins.
Preloading 0 native plugins for Editor in 0.00 ms.
Mono: successfully reloaded assembly
- Completed reload, in  1.458 seconds
Platform modules already initialized, skipping
Refreshing native plugins compatible for Editor in 0.55 ms, found 0 plugins.
Preloading 0 native plugins for Editor in 0.00 ms.
Unloading 1267 Unused Serialized files (Serialized files now loaded: 0)
System memory in use before: 83.4 MB.
System memory in use after: 83.3 MB.

Unloading 8 unused Assets to reduce memory usage. Loaded Objects now: 1806.
Total: 3.008400 ms (FindLiveObjects: 0.290100 ms CreateObjectMapping: 0.145900 ms MarkObjects: 2.283000 ms  DeleteObjects: 0.285600 ms)

========================================================================
Received Import Request.
  Time since last request: 263.287525 seconds.
  path: Assets/Project/Scripts/PlayerController.cs
  artifactKey: Guid(2c6c57b120111ec49a2782ffa781ce91) Importer(815301076,1909f56bfc062723c751e8b465ee728b)
Start importing Assets/Project/Scripts/PlayerController.cs using Guid(2c6c57b120111ec49a2782ffa781ce91) Importer(815301076,1909f56bfc062723c751e8b465ee728b)  -> (artifact id: '99bcec9acd07b30d6de34203687c8caf') in 0.007204 seconds
  Import took 0.009963 seconds .

========================================================================
Received Prepare
Registering precompiled user dll's ...
Registered in 0.001464 seconds.
Begin MonoManager ReloadAssembly
Native extension for WindowsStandalone target not found
Refreshing native plugins compatible for Editor in 0.32 ms, found 0 plugins.
Preloading 0 native plugins for Editor in 0.00 ms.
Mono: successfully reloaded assembly
- Completed reload, in  1.286 seconds
Platform modules already initialized, skipping
Refreshing native plugins compatible for Editor in 0.37 ms, found 0 plugins.
Preloading 0 native plugins for Editor in 0.00 ms.
Unloading 1267 Unused Serialized files (Serialized files now loaded: 0)
System memory in use before: 83.4 MB.
System memory in use after: 83.3 MB.

Unloading 8 unused Assets to reduce memory usage. Loaded Objects now: 1809.
Total: 4.011700 ms (FindLiveObjects: 0.415100 ms CreateObjectMapping: 0.197600 ms MarkObjects: 3.028200 ms  DeleteObjects: 0.368900 ms)

========================================================================
Received Import Request.
  Time since last request: 42.506237 seconds.
  path: Assets/Project/Scripts/PlayerController.cs
  artifactKey: Guid(2c6c57b120111ec49a2782ffa781ce91) Importer(815301076,1909f56bfc062723c751e8b465ee728b)
Start importing Assets/Project/Scripts/PlayerController.cs using Guid(2c6c57b120111ec49a2782ffa781ce91) Importer(815301076,1909f56bfc062723c751e8b465ee728b)  -> (artifact id: '9b51139e984471fb64ec564dc95fb492') in 0.007574 seconds
  Import took 0.010248 seconds .

